2014-01-20 17:25:50 [INFO ] main (DiffKernel.java:42) - file trace:C:/Yingming Fang/project/Light House/mysql-mongo-diff/src/test/resources/json/mysql-fundoverview.json
2014-01-20 17:25:50 [INFO ] main (DiffKernel.java:44) - readfile:....
2014-01-20 17:26:52 [INFO ] main (DiffKernel.java:42) - file trace:/json/mysql-fundoverview.json
2014-01-20 17:26:52 [INFO ] main (DiffKernel.java:44) - readfile:....
2014-01-20 22:49:39 [INFO ] main (DiffKernel.java:42) - file trace:/com/operasolutions.validation/mysql-fundoverview.json
2014-01-20 22:49:39 [INFO ] main (DiffKernel.java:44) - readfile:....
2014-01-20 22:49:58 [INFO ] main (DiffKernel.java:42) - file trace:/com/operasolutions/validation/mysql-fundoverview.json
2014-01-20 22:49:58 [INFO ] main (DiffKernel.java:44) - readfile:....
2014-01-20 22:50:56 [INFO ] main (DiffKernel.java:33) - class mysql:com.operasolutions.mysql.FundOverviewEntity
2014-01-20 22:50:56 [INFO ] main (DiffKernel.java:34) - class mongo:com.operasolutions.mysql.FundOverviewEntity
2014-01-20 22:50:57 [INFO ] main (DiffKernel.java:43) - file trace:/com/operasolutions/validation/mysql-fundoverview.json
2014-01-20 22:50:57 [INFO ] main (DiffKernel.java:45) - readfile:....
2014-01-20 22:53:06 [INFO ] main (DiffKernel.java:33) - class mysql:com.operasolutions.mysql.FundOverviewEntity
2014-01-20 22:53:06 [INFO ] main (DiffKernel.java:34) - class mongo:com.operasolutions.mysql.FundOverviewEntity
2014-01-20 22:53:06 [INFO ] main (DiffKernel.java:43) - file trace:/com/operasolutions/validation/mysql-fundoverview.json
2014-01-20 22:53:06 [INFO ] main (DiffKernel.java:45) - readfile:....
2014-01-20 22:57:53 [INFO ] main (DiffKernel.java:33) - class mysql:com.operasolutions.mysql.FundOverviewEntity
2014-01-20 22:57:53 [INFO ] main (DiffKernel.java:34) - class mongo:com.operasolutions.mysql.FundOverviewEntity
2014-01-20 22:57:53 [INFO ] main (DiffKernel.java:43) - file trace:/com/operasolutions/validation/mysql-fundoverview.json
2014-01-20 22:57:53 [INFO ] main (DiffKernel.java:45) - readfile:....
2014-01-20 23:02:42 [INFO ] main (DiffKernel.java:34) - class mysql:com.operasolutions.mysql.FundOverviewEntity
2014-01-20 23:02:42 [INFO ] main (DiffKernel.java:35) - class mongo:com.operasolutions.mysql.FundOverviewEntity
2014-01-20 23:02:43 [INFO ] main (DiffKernel.java:44) - file trace:/com/operasolutions/validation/mysql-fundoverview.json
2014-01-20 23:02:43 [INFO ] main (DiffKernel.java:47) - readfile:....
2014-01-20 23:05:14 [INFO ] main (DiffKernel.java:34) - class mysql:com.operasolutions.mysql.FundOverviewEntity
2014-01-20 23:05:14 [INFO ] main (DiffKernel.java:35) - class mongo:com.operasolutions.mysql.FundOverviewEntity
2014-01-20 23:05:14 [INFO ] main (DiffKernel.java:44) - file trace:/com/operasolutions/validation/mysql-fundoverview.json
2014-01-20 23:05:14 [INFO ] main (DiffKernel.java:47) - readfile:....
2014-01-20 23:10:53 [INFO ] main (DiffKernel.java:34) - class mysql:com.operasolutions.mysql.FundOverviewEntity
2014-01-20 23:10:53 [INFO ] main (DiffKernel.java:35) - class mongo:com.operasolutions.mysql.FundOverviewEntity
2014-01-20 23:10:53 [INFO ] main (DiffKernel.java:44) - file trace:/com/operasolutions/validation/mysql-fundoverview.json
2014-01-20 23:10:53 [INFO ] main (DiffKernel.java:47) - readfile:....
2014-01-20 23:13:28 [INFO ] main (DiffKernel.java:34) - class mysql:com.operasolutions.mysql.FundOverviewEntity
2014-01-20 23:13:28 [INFO ] main (DiffKernel.java:35) - class mongo:com.operasolutions.mysql.FundOverviewEntity
2014-01-20 23:13:28 [INFO ] main (DiffKernel.java:44) - file trace:/com/operasolutions/validation/mysql-fundoverview.json
2014-01-20 23:13:28 [INFO ] main (DiffKernel.java:47) - readfile:....
2014-01-20 23:15:41 [INFO ] main (DiffKernel.java:34) - class mysql:com.operasolutions.mysql.FundOverviewEntity
2014-01-20 23:15:41 [INFO ] main (DiffKernel.java:35) - class mongo:com.operasolutions.mysql.FundOverviewEntity
2014-01-20 23:15:41 [INFO ] main (DiffKernel.java:44) - file trace:/com/operasolutions/validation/mysql-fundoverview.json
2014-01-20 23:15:41 [INFO ] main (DiffKernel.java:47) - readfile:....
2014-01-20 23:19:57 [INFO ] main (DiffKernel.java:36) - class mysql:com.operasolutions.mysql.FundOverviewEntity
2014-01-20 23:19:57 [INFO ] main (DiffKernel.java:37) - class mongo:com.operasolutions.mysql.FundOverviewEntity
2014-01-20 23:19:57 [INFO ] main (DiffKernel.java:38) - class test:com.operasolutions.test.AcuityLevel
2014-01-20 23:19:58 [INFO ] main (DiffKernel.java:49) - file trace:/com/operasolutions/validation/mysql-fundoverview.json
2014-01-20 23:19:58 [INFO ] main (DiffKernel.java:52) - readfile:....
2014-01-20 23:24:30 [INFO ] main (DiffKernel.java:38) - class mysql:com.operasolutions.mysql.FundOverviewEntity
2014-01-20 23:24:30 [INFO ] main (DiffKernel.java:39) - class mongo:com.operasolutions.mysql.FundOverviewEntity
2014-01-20 23:24:30 [INFO ] main (DiffKernel.java:40) - class test:com.operasolutions.test.AcuityLevel
2014-01-20 23:24:30 [INFO ] main (DiffKernel.java:51) - file trace:AcuityLevel.json
2014-01-20 23:24:52 [INFO ] main (DiffKernel.java:38) - class mysql:com.operasolutions.mysql.FundOverviewEntity
2014-01-20 23:24:52 [INFO ] main (DiffKernel.java:39) - class mongo:com.operasolutions.mysql.FundOverviewEntity
2014-01-20 23:24:52 [INFO ] main (DiffKernel.java:40) - class test:com.operasolutions.test.AcuityLevel
2014-01-20 23:24:52 [INFO ] main (DiffKernel.java:51) - file trace:AcuityLevel.json
2014-01-20 23:25:36 [INFO ] main (DiffKernel.java:38) - class mysql:com.operasolutions.mysql.FundOverviewEntity
2014-01-20 23:25:36 [INFO ] main (DiffKernel.java:39) - class mongo:com.operasolutions.mysql.FundOverviewEntity
2014-01-20 23:25:36 [INFO ] main (DiffKernel.java:40) - class test:com.operasolutions.test.AcuityLevel
2014-01-20 23:25:36 [INFO ] main (DiffKernel.java:51) - file trace:com.operasolutions.validation.AcuityLevel.json
2014-01-20 23:25:52 [INFO ] main (DiffKernel.java:38) - class mysql:com.operasolutions.mysql.FundOverviewEntity
2014-01-20 23:25:52 [INFO ] main (DiffKernel.java:39) - class mongo:com.operasolutions.mysql.FundOverviewEntity
2014-01-20 23:25:52 [INFO ] main (DiffKernel.java:40) - class test:com.operasolutions.test.AcuityLevel
2014-01-20 23:25:52 [INFO ] main (DiffKernel.java:51) - file trace:com/operasolutions/validation/AcuityLevel.json
2014-01-20 23:26:01 [INFO ] main (DiffKernel.java:38) - class mysql:com.operasolutions.mysql.FundOverviewEntity
2014-01-20 23:26:01 [INFO ] main (DiffKernel.java:39) - class mongo:com.operasolutions.mysql.FundOverviewEntity
2014-01-20 23:26:01 [INFO ] main (DiffKernel.java:40) - class test:com.operasolutions.test.AcuityLevel
2014-01-20 23:26:01 [INFO ] main (DiffKernel.java:51) - file trace:/com/operasolutions/validation/AcuityLevel.json
2014-01-20 23:28:40 [INFO ] main (DiffKernel.java:38) - class mysql:com.operasolutions.mysql.FundOverviewEntity
2014-01-20 23:28:40 [INFO ] main (DiffKernel.java:39) - class mongo:com.operasolutions.mysql.FundOverviewEntity
2014-01-20 23:28:40 [INFO ] main (DiffKernel.java:40) - class test:com.operasolutions.test.AcuityLevel
2014-01-20 23:28:40 [INFO ] main (DiffKernel.java:51) - file trace:/com/operasolutions/validation/AcuityLevel.json
2014-01-20 23:28:52 [INFO ] main (DiffKernel.java:36) - class mysql:com.operasolutions.mysql.FundOverviewEntity
2014-01-20 23:28:52 [INFO ] main (DiffKernel.java:37) - class mongo:com.operasolutions.mysql.FundOverviewEntity
2014-01-20 23:28:52 [INFO ] main (DiffKernel.java:38) - class test:com.operasolutions.test.AcuityLevel
2014-01-20 23:28:52 [INFO ] main (DiffKernel.java:49) - file trace:/com/operasolutions/validation/AcuityLevel.json
2014-01-20 23:28:52 [INFO ] main (DiffKernel.java:54) - readfile:....
2014-01-20 23:31:18 [INFO ] main (DiffKernel.java:36) - class mysql:com.operasolutions.mysql.FundOverviewEntity
2014-01-20 23:31:18 [INFO ] main (DiffKernel.java:37) - class mongo:com.operasolutions.mysql.FundOverviewEntity
2014-01-20 23:31:18 [INFO ] main (DiffKernel.java:38) - class test:com.operasolutions.test.AcuityLevel
2014-01-20 23:31:19 [INFO ] main (DiffKernel.java:49) - file trace:/com/operasolutions/validation/AcuityLevel.json
2014-01-20 23:31:19 [INFO ] main (DiffKernel.java:54) - readfile:....
2014-01-20 23:33:09 [INFO ] main (DiffKernel.java:36) - class mysql:com.operasolutions.mysql.FundOverviewEntity
2014-01-20 23:33:09 [INFO ] main (DiffKernel.java:37) - class mongo:com.operasolutions.mysql.FundOverviewEntity
2014-01-20 23:33:09 [INFO ] main (DiffKernel.java:38) - class test:com.operasolutions.test.AcuityLevel
2014-01-20 23:33:09 [INFO ] main (DiffKernel.java:49) - file trace:/com/operasolutions/validation/AcuityLevel.json
2014-01-20 23:33:09 [INFO ] main (DiffKernel.java:50) - class:com.operasolutions.test.AcuityLevel
2014-01-20 23:33:09 [INFO ] main (DiffKernel.java:55) - readfile:....
2014-01-20 23:34:05 [INFO ] main (DiffKernel.java:38) - class mysql:com.operasolutions.mysql.FundOverviewEntity
2014-01-20 23:34:05 [INFO ] main (DiffKernel.java:39) - class mongo:com.operasolutions.mysql.FundOverviewEntity
2014-01-20 23:34:05 [INFO ] main (DiffKernel.java:40) - class test:com.operasolutions.test.AcuityLevel
2014-01-20 23:34:06 [INFO ] main (DiffKernel.java:51) - file trace:/com/operasolutions/validation/AcuityLevel.json
2014-01-20 23:34:06 [INFO ] main (DiffKernel.java:52) - class:com.operasolutions.test.AcuityLevel
2014-01-20 23:34:06 [INFO ] main (DiffKernel.java:57) - readfile:....
2014-01-20 23:35:27 [INFO ] main (DiffKernel.java:38) - class mysql:com.operasolutions.mysql.FundOverviewEntity
2014-01-20 23:35:27 [INFO ] main (DiffKernel.java:39) - class mongo:com.operasolutions.mysql.FundOverviewEntity
2014-01-20 23:35:27 [INFO ] main (DiffKernel.java:40) - class test:com.operasolutions.test.AcuityLevel
2014-01-20 23:35:27 [INFO ] main (DiffKernel.java:52) - file trace:/com/operasolutions/validation/AcuityLevel.json
2014-01-20 23:35:27 [INFO ] main (DiffKernel.java:57) - readfile:....
2014-01-20 23:36:11 [INFO ] main (DiffKernel.java:39) - class mysql:com.operasolutions.mysql.FundOverviewEntity
2014-01-20 23:36:11 [INFO ] main (DiffKernel.java:40) - class mongo:com.operasolutions.mysql.FundOverviewEntity
2014-01-20 23:36:11 [INFO ] main (DiffKernel.java:41) - class test:com.operasolutions.test.AcuityLevel
2014-01-20 23:36:11 [INFO ] main (DiffKernel.java:53) - file trace:/com/operasolutions/validation/AcuityLevel.json
2014-01-20 23:36:11 [INFO ] main (DiffKernel.java:58) - readfile:....
2014-01-20 23:39:55 [INFO ] main (DiffKernel.java:39) - class mysql:com.operasolutions.mysql.FundOverviewEntity
2014-01-20 23:39:55 [INFO ] main (DiffKernel.java:40) - class mongo:com.operasolutions.mysql.FundOverviewEntity
2014-01-20 23:39:55 [INFO ] main (DiffKernel.java:41) - class test:com.operasolutions.test.AcuityLevel
2014-01-20 23:39:56 [INFO ] main (DiffKernel.java:53) - file trace:/com/operasolutions/validation/AcuityLevel.json
2014-01-20 23:39:56 [INFO ] main (DiffKernel.java:66) - readfile:....
2014-01-20 23:42:22 [INFO ] main (DiffKernel.java:39) - class mysql:com.operasolutions.mysql.FundOverviewEntity
2014-01-20 23:42:22 [INFO ] main (DiffKernel.java:40) - class mongo:com.operasolutions.mysql.FundOverviewEntity
2014-01-20 23:42:22 [INFO ] main (DiffKernel.java:41) - class test:com.operasolutions.test.AcuityLevel
2014-01-20 23:42:23 [INFO ] main (DiffKernel.java:53) - file trace:/com/operasolutions/validation/AcuityLevel.json
2014-01-20 23:42:23 [INFO ] main (DiffKernel.java:66) - readfile:....
2014-01-20 23:42:41 [INFO ] main (DiffKernel.java:39) - class mysql:com.operasolutions.mysql.FundOverviewEntity
2014-01-20 23:42:41 [INFO ] main (DiffKernel.java:40) - class mongo:com.operasolutions.mysql.FundOverviewEntity
2014-01-20 23:42:41 [INFO ] main (DiffKernel.java:41) - class test:com.operasolutions.test.AcuityLevel
2014-01-20 23:42:41 [INFO ] main (DiffKernel.java:53) - file trace:/com/operasolutions/validation/AcuityLevel.json
2014-01-20 23:42:41 [INFO ] main (DiffKernel.java:66) - readfile:....
2014-01-20 23:43:39 [INFO ] main (DiffKernel.java:39) - class mysql:com.operasolutions.mysql.FundOverviewEntity
2014-01-20 23:43:39 [INFO ] main (DiffKernel.java:40) - class mongo:com.operasolutions.mysql.FundOverviewEntity
2014-01-20 23:43:39 [INFO ] main (DiffKernel.java:41) - class test:com.operasolutions.test.AcuityLevel
2014-01-20 23:43:40 [INFO ] main (DiffKernel.java:53) - file trace:/com/operasolutions/validation/AcuityLevel.json
2014-01-20 23:43:40 [INFO ] main (DiffKernel.java:66) - readfile:....
2014-01-20 23:43:40 [INFO ] main (DiffKernel.java:43) - test result size:3
2014-01-20 23:45:32 [INFO ] main (DiffKernel.java:39) - class mysql:com.operasolutions.mysql.FundOverviewEntity
2014-01-20 23:45:32 [INFO ] main (DiffKernel.java:40) - class mongo:com.operasolutions.mysql.FundOverviewEntity
2014-01-20 23:45:32 [INFO ] main (DiffKernel.java:41) - class test:com.operasolutions.test.AcuityLevel
2014-01-20 23:45:32 [INFO ] main (DiffKernel.java:52) - file trace:/com/operasolutions/validation/AcuityLevel.json
2014-01-20 23:45:32 [INFO ] main (DiffKernel.java:65) - readfile:....
2014-01-20 23:45:32 [INFO ] main (DiffKernel.java:43) - test result size:3
2014-01-20 23:46:16 [INFO ] main (DiffKernel.java:36) - class mysql:com.operasolutions.mysql.FundOverviewEntity
2014-01-20 23:46:16 [INFO ] main (DiffKernel.java:37) - class mongo:com.operasolutions.mysql.FundOverviewEntity
2014-01-20 23:46:16 [INFO ] main (DiffKernel.java:38) - class test:com.operasolutions.test.AcuityLevel
2014-01-20 23:46:16 [INFO ] main (DiffKernel.java:49) - file trace:/com/operasolutions/validation/AcuityLevel.json
2014-01-20 23:46:16 [INFO ] main (DiffKernel.java:62) - readfile:....
2014-01-20 23:46:16 [INFO ] main (DiffKernel.java:40) - test result size:3
2014-01-20 23:46:47 [INFO ] main (DiffKernel.java:36) - class mysql:com.operasolutions.mysql.FundOverviewEntity
2014-01-20 23:46:47 [INFO ] main (DiffKernel.java:37) - class mongo:com.operasolutions.mysql.FundOverviewEntity
2014-01-20 23:46:47 [INFO ] main (DiffKernel.java:38) - class test:com.operasolutions.test.AcuityLevel
2014-01-20 23:46:47 [INFO ] main (DiffKernel.java:49) - file trace:/com/operasolutions/validation/AcuityLevel.json
2014-01-20 23:46:47 [INFO ] main (DiffKernel.java:52) - readfile:....
2014-01-20 23:46:47 [INFO ] main (DiffKernel.java:42) - mysql result size:3
2014-01-20 23:47:07 [INFO ] main (DiffKernel.java:36) - class mysql:com.operasolutions.mysql.FundOverviewEntity
2014-01-20 23:47:07 [INFO ] main (DiffKernel.java:37) - class mongo:com.operasolutions.mysql.FundOverviewEntity
2014-01-20 23:47:07 [INFO ] main (DiffKernel.java:38) - class test:com.operasolutions.test.AcuityLevel
2014-01-20 23:47:07 [INFO ] main (DiffKernel.java:49) - file trace:/com/operasolutions/validation/mysql-fundoverview.json
2014-01-20 23:47:07 [INFO ] main (DiffKernel.java:52) - readfile:....
2014-01-20 23:48:31 [INFO ] main (DiffKernel.java:36) - class mysql:com.operasolutions.mysql.FundOverviewEntity
2014-01-20 23:48:31 [INFO ] main (DiffKernel.java:37) - class mongo:com.operasolutions.mysql.FundOverviewEntity
2014-01-20 23:48:31 [INFO ] main (DiffKernel.java:38) - class test:com.operasolutions.test.AcuityLevel
2014-01-20 23:48:31 [INFO ] main (DiffKernel.java:49) - file trace:/com/operasolutions/validation/mysql-fundoverview.json
2014-01-20 23:48:31 [INFO ] main (DiffKernel.java:52) - readfile:....
2014-01-20 23:50:53 [INFO ] main (DiffKernel.java:36) - class mysql:com.operasolutions.mysql.FundOverviewEntity
2014-01-20 23:50:53 [INFO ] main (DiffKernel.java:37) - class mongo:com.operasolutions.mysql.FundOverviewEntity
2014-01-20 23:50:53 [INFO ] main (DiffKernel.java:38) - class test:com.operasolutions.test.AcuityLevel
2014-01-20 23:50:53 [INFO ] main (DiffKernel.java:49) - file trace:/com/operasolutions/validation/mysql-fundoverview.json
2014-01-20 23:50:53 [INFO ] main (DiffKernel.java:52) - readfile:....
2014-01-20 23:50:53 [INFO ] main (DiffKernel.java:42) - mysql result size:25
2014-01-20 23:51:57 [INFO ] main (DiffKernel.java:36) - class mysql:com.operasolutions.mysql.FundOverviewEntity
2014-01-20 23:51:57 [INFO ] main (DiffKernel.java:37) - class mongo:com.operasolutions.mysql.FundOverviewEntity
2014-01-20 23:51:57 [INFO ] main (DiffKernel.java:38) - class test:com.operasolutions.test.AcuityLevel
2014-01-20 23:51:58 [INFO ] main (DiffKernel.java:52) - file trace:/com/operasolutions/validation/mysql-fundoverview.json
2014-01-20 23:51:58 [INFO ] main (DiffKernel.java:55) - readfile:....
2014-01-20 23:51:58 [INFO ] main (DiffKernel.java:42) - mysql result size:25
2014-01-20 23:51:58 [INFO ] main (DiffKernel.java:52) - file trace:/com/operasolutions/validation/mongo-fundoverview.json
2014-01-20 23:51:58 [INFO ] main (DiffKernel.java:55) - readfile:....
2014-01-20 23:51:58 [INFO ] main (DiffKernel.java:45) - mysql result size:25
2014-01-20 23:53:44 [INFO ] main (DiffKernel.java:37) - class mysql:com.operasolutions.mysql.FundOverviewEntity
2014-01-20 23:53:44 [INFO ] main (DiffKernel.java:38) - class mongo:com.operasolutions.mysql.FundOverviewEntity
2014-01-20 23:53:44 [INFO ] main (DiffKernel.java:39) - class test:com.operasolutions.test.AcuityLevel
2014-01-20 23:53:44 [INFO ] main (DiffKernel.java:56) - file trace:/com/operasolutions/validation/mysql-fundoverview.json
2014-01-20 23:53:44 [INFO ] main (DiffKernel.java:59) - readfile:....
2014-01-20 23:53:44 [INFO ] main (DiffKernel.java:43) - mysql result size:25
2014-01-20 23:53:44 [INFO ] main (DiffKernel.java:56) - file trace:/com/operasolutions/validation/mongo-fundoverview.json
2014-01-20 23:53:44 [INFO ] main (DiffKernel.java:59) - readfile:....
2014-01-20 23:53:45 [INFO ] main (DiffKernel.java:46) - mongoResult result size:25
